<?xml version="1.0" encoding="UTF-8"?>
<testsuite xmlns:xsi="http://www.w3.org/2001/XMLSchema-instance" xsi:noNamespaceSchemaLocation="https://maven.apache.org/surefire/maven-surefire-plugin/xsd/surefire-test-report.xsd" name="com.poortom.springboot.PoortomApplicationTests" time="1.847" tests="1" errors="1" skipped="0" failures="0">
  <properties>
    <property name="sun.desktop" value="windows"/>
    <property name="awt.toolkit" value="sun.awt.windows.WToolkit"/>
    <property name="file.encoding.pkg" value="sun.io"/>
    <property name="java.specification.version" value="1.8"/>
    <property name="sun.cpu.isalist" value="amd64"/>
    <property name="sun.jnu.encoding" value="GBK"/>
    <property name="java.class.path" value="D:\poortom\target\test-classes;D:\poortom\target\classes;D:\worktools\cangku\org\springframework\boot\spring-boot-starter-web\2.1.5.RELEASE\spring-boot-starter-web-2.1.5.RELEASE.jar;D:\worktools\cangku\org\springframework\boot\spring-boot-starter\2.1.5.RELEASE\spring-boot-starter-2.1.5.RELEASE.jar;D:\worktools\cangku\org\springframework\boot\spring-boot\2.1.5.RELEASE\spring-boot-2.1.5.RELEASE.jar;D:\worktools\cangku\org\springframework\boot\spring-boot-autoconfigure\2.1.5.RELEASE\spring-boot-autoconfigure-2.1.5.RELEASE.jar;D:\worktools\cangku\org\springframework\boot\spring-boot-starter-logging\2.1.5.RELEASE\spring-boot-starter-logging-2.1.5.RELEASE.jar;D:\worktools\cangku\ch\qos\logback\logback-classic\1.2.3\logback-classic-1.2.3.jar;D:\worktools\cangku\ch\qos\logback\logback-core\1.2.3\logback-core-1.2.3.jar;D:\worktools\cangku\org\apache\logging\log4j\log4j-to-slf4j\2.11.2\log4j-to-slf4j-2.11.2.jar;D:\worktools\cangku\org\apache\logging\log4j\log4j-api\2.11.2\log4j-api-2.11.2.jar;D:\worktools\cangku\org\slf4j\jul-to-slf4j\1.7.26\jul-to-slf4j-1.7.26.jar;D:\worktools\cangku\javax\annotation\javax.annotation-api\1.3.2\javax.annotation-api-1.3.2.jar;D:\worktools\cangku\org\yaml\snakeyaml\1.23\snakeyaml-1.23.jar;D:\worktools\cangku\org\springframework\boot\spring-boot-starter-json\2.1.5.RELEASE\spring-boot-starter-json-2.1.5.RELEASE.jar;D:\worktools\cangku\com\fasterxml\jackson\core\jackson-databind\2.9.8\jackson-databind-2.9.8.jar;D:\worktools\cangku\com\fasterxml\jackson\core\jackson-annotations\2.9.0\jackson-annotations-2.9.0.jar;D:\worktools\cangku\com\fasterxml\jackson\core\jackson-core\2.9.8\jackson-core-2.9.8.jar;D:\worktools\cangku\com\fasterxml\jackson\datatype\jackson-datatype-jdk8\2.9.8\jackson-datatype-jdk8-2.9.8.jar;D:\worktools\cangku\com\fasterxml\jackson\datatype\jackson-datatype-jsr310\2.9.8\jackson-datatype-jsr310-2.9.8.jar;D:\worktools\cangku\com\fasterxml\jackson\module\jackson-module-parameter-names\2.9.8\jackson-module-parameter-names-2.9.8.jar;D:\worktools\cangku\org\springframework\boot\spring-boot-starter-tomcat\2.1.5.RELEASE\spring-boot-starter-tomcat-2.1.5.RELEASE.jar;D:\worktools\cangku\org\apache\tomcat\embed\tomcat-embed-core\9.0.19\tomcat-embed-core-9.0.19.jar;D:\worktools\cangku\org\apache\tomcat\embed\tomcat-embed-el\9.0.19\tomcat-embed-el-9.0.19.jar;D:\worktools\cangku\org\apache\tomcat\embed\tomcat-embed-websocket\9.0.19\tomcat-embed-websocket-9.0.19.jar;D:\worktools\cangku\org\hibernate\validator\hibernate-validator\6.0.16.Final\hibernate-validator-6.0.16.Final.jar;D:\worktools\cangku\javax\validation\validation-api\2.0.1.Final\validation-api-2.0.1.Final.jar;D:\worktools\cangku\org\jboss\logging\jboss-logging\3.3.2.Final\jboss-logging-3.3.2.Final.jar;D:\worktools\cangku\com\fasterxml\classmate\1.4.0\classmate-1.4.0.jar;D:\worktools\cangku\org\springframework\spring-web\5.1.7.RELEASE\spring-web-5.1.7.RELEASE.jar;D:\worktools\cangku\org\springframework\spring-beans\5.1.7.RELEASE\spring-beans-5.1.7.RELEASE.jar;D:\worktools\cangku\org\springframework\spring-webmvc\5.1.7.RELEASE\spring-webmvc-5.1.7.RELEASE.jar;D:\worktools\cangku\org\springframework\spring-aop\5.1.7.RELEASE\spring-aop-5.1.7.RELEASE.jar;D:\worktools\cangku\org\springframework\spring-context\5.1.7.RELEASE\spring-context-5.1.7.RELEASE.jar;D:\worktools\cangku\org\springframework\spring-expression\5.1.7.RELEASE\spring-expression-5.1.7.RELEASE.jar;D:\worktools\cangku\org\springframework\boot\spring-boot-starter-test\2.1.5.RELEASE\spring-boot-starter-test-2.1.5.RELEASE.jar;D:\worktools\cangku\org\springframework\boot\spring-boot-test\2.1.5.RELEASE\spring-boot-test-2.1.5.RELEASE.jar;D:\worktools\cangku\org\springframework\boot\spring-boot-test-autoconfigure\2.1.5.RELEASE\spring-boot-test-autoconfigure-2.1.5.RELEASE.jar;D:\worktools\cangku\com\jayway\jsonpath\json-path\2.4.0\json-path-2.4.0.jar;D:\worktools\cangku\net\minidev\json-smart\2.3\json-smart-2.3.jar;D:\worktools\cangku\net\minidev\accessors-smart\1.2\accessors-smart-1.2.jar;D:\worktools\cangku\org\ow2\asm\asm\5.0.4\asm-5.0.4.jar;D:\worktools\cangku\junit\junit\4.12\junit-4.12.jar;D:\worktools\cangku\org\assertj\assertj-core\3.11.1\assertj-core-3.11.1.jar;D:\worktools\cangku\org\mockito\mockito-core\2.23.4\mockito-core-2.23.4.jar;D:\worktools\cangku\net\bytebuddy\byte-buddy\1.9.12\byte-buddy-1.9.12.jar;D:\worktools\cangku\net\bytebuddy\byte-buddy-agent\1.9.12\byte-buddy-agent-1.9.12.jar;D:\worktools\cangku\org\objenesis\objenesis\2.6\objenesis-2.6.jar;D:\worktools\cangku\org\hamcrest\hamcrest-core\1.3\hamcrest-core-1.3.jar;D:\worktools\cangku\org\hamcrest\hamcrest-library\1.3\hamcrest-library-1.3.jar;D:\worktools\cangku\org\skyscreamer\jsonassert\1.5.0\jsonassert-1.5.0.jar;D:\worktools\cangku\com\vaadin\external\google\android-json\0.0.20131108.vaadin1\android-json-0.0.20131108.vaadin1.jar;D:\worktools\cangku\org\springframework\spring-core\5.1.7.RELEASE\spring-core-5.1.7.RELEASE.jar;D:\worktools\cangku\org\springframework\spring-jcl\5.1.7.RELEASE\spring-jcl-5.1.7.RELEASE.jar;D:\worktools\cangku\org\springframework\spring-test\5.1.7.RELEASE\spring-test-5.1.7.RELEASE.jar;D:\worktools\cangku\org\xmlunit\xmlunit-core\2.6.2\xmlunit-core-2.6.2.jar;D:\worktools\cangku\org\springframework\boot\spring-boot-starter-data-jpa\2.1.5.RELEASE\spring-boot-starter-data-jpa-2.1.5.RELEASE.jar;D:\worktools\cangku\org\springframework\boot\spring-boot-starter-aop\2.1.5.RELEASE\spring-boot-starter-aop-2.1.5.RELEASE.jar;D:\worktools\cangku\org\aspectj\aspectjweaver\1.9.4\aspectjweaver-1.9.4.jar;D:\worktools\cangku\javax\transaction\javax.transaction-api\1.3\javax.transaction-api-1.3.jar;D:\worktools\cangku\javax\xml\bind\jaxb-api\2.3.1\jaxb-api-2.3.1.jar;D:\worktools\cangku\javax\activation\javax.activation-api\1.2.0\javax.activation-api-1.2.0.jar;D:\worktools\cangku\org\hibernate\hibernate-core\5.3.10.Final\hibernate-core-5.3.10.Final.jar;D:\worktools\cangku\javax\persistence\javax.persistence-api\2.2\javax.persistence-api-2.2.jar;D:\worktools\cangku\org\javassist\javassist\3.23.2-GA\javassist-3.23.2-GA.jar;D:\worktools\cangku\antlr\antlr\2.7.7\antlr-2.7.7.jar;D:\worktools\cangku\org\jboss\jandex\2.0.5.Final\jandex-2.0.5.Final.jar;D:\worktools\cangku\org\dom4j\dom4j\2.1.1\dom4j-2.1.1.jar;D:\worktools\cangku\org\hibernate\common\hibernate-commons-annotations\5.0.4.Final\hibernate-commons-annotations-5.0.4.Final.jar;D:\worktools\cangku\org\springframework\data\spring-data-jpa\2.1.8.RELEASE\spring-data-jpa-2.1.8.RELEASE.jar;D:\worktools\cangku\org\springframework\data\spring-data-commons\2.1.8.RELEASE\spring-data-commons-2.1.8.RELEASE.jar;D:\worktools\cangku\org\springframework\spring-orm\5.1.7.RELEASE\spring-orm-5.1.7.RELEASE.jar;D:\worktools\cangku\org\springframework\spring-tx\5.1.7.RELEASE\spring-tx-5.1.7.RELEASE.jar;D:\worktools\cangku\org\springframework\spring-aspects\5.1.7.RELEASE\spring-aspects-5.1.7.RELEASE.jar;D:\worktools\cangku\org\springframework\boot\spring-boot-starter-jdbc\2.1.5.RELEASE\spring-boot-starter-jdbc-2.1.5.RELEASE.jar;D:\worktools\cangku\com\zaxxer\HikariCP\3.2.0\HikariCP-3.2.0.jar;D:\worktools\cangku\org\springframework\spring-jdbc\5.1.7.RELEASE\spring-jdbc-5.1.7.RELEASE.jar;D:\worktools\cangku\org\webjars\jquery\3.3.1\jquery-3.3.1.jar;D:\worktools\cangku\org\springframework\boot\spring-boot-starter-thymeleaf\2.1.5.RELEASE\spring-boot-starter-thymeleaf-2.1.5.RELEASE.jar;D:\worktools\cangku\org\thymeleaf\thymeleaf-spring5\3.0.11.RELEASE\thymeleaf-spring5-3.0.11.RELEASE.jar;D:\worktools\cangku\org\thymeleaf\thymeleaf\3.0.11.RELEASE\thymeleaf-3.0.11.RELEASE.jar;D:\worktools\cangku\org\attoparser\attoparser\2.0.5.RELEASE\attoparser-2.0.5.RELEASE.jar;D:\worktools\cangku\org\unbescape\unbescape\1.1.6.RELEASE\unbescape-1.1.6.RELEASE.jar;D:\worktools\cangku\org\thymeleaf\extras\thymeleaf-extras-java8time\3.0.4.RELEASE\thymeleaf-extras-java8time-3.0.4.RELEASE.jar;D:\worktools\cangku\mysql\mysql-connector-java\8.0.16\mysql-connector-java-8.0.16.jar;D:\worktools\cangku\org\mybatis\spring\boot\mybatis-spring-boot-starter\2.0.1\mybatis-spring-boot-starter-2.0.1.jar;D:\worktools\cangku\org\mybatis\spring\boot\mybatis-spring-boot-autoconfigure\2.0.1\mybatis-spring-boot-autoconfigure-2.0.1.jar;D:\worktools\cangku\org\mybatis\mybatis\3.5.1\mybatis-3.5.1.jar;D:\worktools\cangku\org\mybatis\mybatis-spring\2.0.1\mybatis-spring-2.0.1.jar;D:\worktools\cangku\org\mybatis\generator\mybatis-generator-core\1.3.5\mybatis-generator-core-1.3.5.jar;D:\worktools\cangku\com\alibaba\druid\1.1.12\druid-1.1.12.jar;D:\worktools\cangku\org\springframework\boot\spring-boot-starter-data-redis\2.1.5.RELEASE\spring-boot-starter-data-redis-2.1.5.RELEASE.jar;D:\worktools\cangku\org\springframework\data\spring-data-redis\2.1.8.RELEASE\spring-data-redis-2.1.8.RELEASE.jar;D:\worktools\cangku\org\springframework\data\spring-data-keyvalue\2.1.8.RELEASE\spring-data-keyvalue-2.1.8.RELEASE.jar;D:\worktools\cangku\org\springframework\spring-oxm\5.1.7.RELEASE\spring-oxm-5.1.7.RELEASE.jar;D:\worktools\cangku\org\springframework\spring-context-support\5.1.7.RELEASE\spring-context-support-5.1.7.RELEASE.jar;D:\worktools\cangku\io\lettuce\lettuce-core\5.1.6.RELEASE\lettuce-core-5.1.6.RELEASE.jar;D:\worktools\cangku\io\netty\netty-common\4.1.36.Final\netty-common-4.1.36.Final.jar;D:\worktools\cangku\io\netty\netty-handler\4.1.36.Final\netty-handler-4.1.36.Final.jar;D:\worktools\cangku\io\netty\netty-buffer\4.1.36.Final\netty-buffer-4.1.36.Final.jar;D:\worktools\cangku\io\netty\netty-codec\4.1.36.Final\netty-codec-4.1.36.Final.jar;D:\worktools\cangku\io\netty\netty-transport\4.1.36.Final\netty-transport-4.1.36.Final.jar;D:\worktools\cangku\io\netty\netty-resolver\4.1.36.Final\netty-resolver-4.1.36.Final.jar;D:\worktools\cangku\io\projectreactor\reactor-core\3.2.9.RELEASE\reactor-core-3.2.9.RELEASE.jar;D:\worktools\cangku\org\reactivestreams\reactive-streams\1.0.2\reactive-streams-1.0.2.jar;D:\worktools\cangku\org\apache\shiro\shiro-core\1.4.0\shiro-core-1.4.0.jar;D:\worktools\cangku\org\apache\shiro\shiro-lang\1.4.0\shiro-lang-1.4.0.jar;D:\worktools\cangku\org\apache\shiro\shiro-cache\1.4.0\shiro-cache-1.4.0.jar;D:\worktools\cangku\org\apache\shiro\shiro-crypto-hash\1.4.0\shiro-crypto-hash-1.4.0.jar;D:\worktools\cangku\org\apache\shiro\shiro-crypto-core\1.4.0\shiro-crypto-core-1.4.0.jar;D:\worktools\cangku\org\apache\shiro\shiro-crypto-cipher\1.4.0\shiro-crypto-cipher-1.4.0.jar;D:\worktools\cangku\org\apache\shiro\shiro-config-core\1.4.0\shiro-config-core-1.4.0.jar;D:\worktools\cangku\org\apache\shiro\shiro-config-ogdl\1.4.0\shiro-config-ogdl-1.4.0.jar;D:\worktools\cangku\commons-beanutils\commons-beanutils\1.9.3\commons-beanutils-1.9.3.jar;D:\worktools\cangku\commons-collections\commons-collections\3.2.2\commons-collections-3.2.2.jar;D:\worktools\cangku\org\apache\shiro\shiro-event\1.4.0\shiro-event-1.4.0.jar;D:\worktools\cangku\org\apache\shiro\shiro-spring\1.4.0\shiro-spring-1.4.0.jar;D:\worktools\cangku\org\apache\shiro\shiro-web\1.4.0\shiro-web-1.4.0.jar;D:\worktools\cangku\org\apache\shiro\shiro-ehcache\1.4.0\shiro-ehcache-1.4.0.jar;D:\worktools\cangku\net\sf\ehcache\ehcache-core\2.6.11\ehcache-core-2.6.11.jar;D:\worktools\cangku\org\crazycake\shiro-redis\3.1.0\shiro-redis-3.1.0.jar;D:\worktools\cangku\redis\clients\jedis\2.9.3\jedis-2.9.3.jar;D:\worktools\cangku\org\apache\commons\commons-pool2\2.6.2\commons-pool2-2.6.2.jar;D:\worktools\cangku\org\slf4j\slf4j-api\1.7.26\slf4j-api-1.7.26.jar;D:\worktools\cangku\com\puppycrawl\tools\checkstyle\8.3\checkstyle-8.3.jar;D:\worktools\cangku\org\antlr\antlr4-runtime\4.7\antlr4-runtime-4.7.jar;D:\worktools\cangku\commons-cli\commons-cli\1.4\commons-cli-1.4.jar;D:\worktools\cangku\com\google\guava\guava\23.0\guava-23.0.jar;D:\worktools\cangku\com\google\code\findbugs\jsr305\1.3.9\jsr305-1.3.9.jar;D:\worktools\cangku\com\google\errorprone\error_prone_annotations\2.0.18\error_prone_annotations-2.0.18.jar;D:\worktools\cangku\com\google\j2objc\j2objc-annotations\1.1\j2objc-annotations-1.1.jar;D:\worktools\cangku\org\codehaus\mojo\animal-sniffer-annotations\1.14\animal-sniffer-annotations-1.14.jar;D:\worktools\cangku\net\sf\saxon\Saxon-HE\9.8.0-4\Saxon-HE-9.8.0-4.jar;C:\java\java\jdk\jre\..\lib\tools.jar;D:\worktools\cangku\com\alibaba\fastjson\1.2.3\fastjson-1.2.3.jar;"/>
    <property name="java.vm.vendor" value="Oracle Corporation"/>
    <property name="sun.arch.data.model" value="64"/>
    <property name="user.variant" value=""/>
    <property name="java.vendor.url" value="http://java.oracle.com/"/>
    <property name="user.timezone" value="Asia/Shanghai"/>
    <property name="java.vm.specification.version" value="1.8"/>
    <property name="os.name" value="Windows 10"/>
    <property name="user.country" value="CN"/>
    <property name="sun.java.launcher" value="SUN_STANDARD"/>
    <property name="sun.boot.library.path" value="C:\java\java\jdk\jre\bin"/>
    <property name="sun.java.command" value="C:\Users\13620\AppData\Local\Temp\surefire8054000340393792013\surefirebooter8504955604777530128.jar C:\Users\13620\AppData\Local\Temp\surefire8054000340393792013 2019-06-18T19-05-50_355-jvmRun1 surefire1652228106214612685tmp surefire_08454051201068503516tmp"/>
    <property name="surefire.test.class.path" value="D:\poortom\target\test-classes;D:\poortom\target\classes;D:\worktools\cangku\org\springframework\boot\spring-boot-starter-web\2.1.5.RELEASE\spring-boot-starter-web-2.1.5.RELEASE.jar;D:\worktools\cangku\org\springframework\boot\spring-boot-starter\2.1.5.RELEASE\spring-boot-starter-2.1.5.RELEASE.jar;D:\worktools\cangku\org\springframework\boot\spring-boot\2.1.5.RELEASE\spring-boot-2.1.5.RELEASE.jar;D:\worktools\cangku\org\springframework\boot\spring-boot-autoconfigure\2.1.5.RELEASE\spring-boot-autoconfigure-2.1.5.RELEASE.jar;D:\worktools\cangku\org\springframework\boot\spring-boot-starter-logging\2.1.5.RELEASE\spring-boot-starter-logging-2.1.5.RELEASE.jar;D:\worktools\cangku\ch\qos\logback\logback-classic\1.2.3\logback-classic-1.2.3.jar;D:\worktools\cangku\ch\qos\logback\logback-core\1.2.3\logback-core-1.2.3.jar;D:\worktools\cangku\org\apache\logging\log4j\log4j-to-slf4j\2.11.2\log4j-to-slf4j-2.11.2.jar;D:\worktools\cangku\org\apache\logging\log4j\log4j-api\2.11.2\log4j-api-2.11.2.jar;D:\worktools\cangku\org\slf4j\jul-to-slf4j\1.7.26\jul-to-slf4j-1.7.26.jar;D:\worktools\cangku\javax\annotation\javax.annotation-api\1.3.2\javax.annotation-api-1.3.2.jar;D:\worktools\cangku\org\yaml\snakeyaml\1.23\snakeyaml-1.23.jar;D:\worktools\cangku\org\springframework\boot\spring-boot-starter-json\2.1.5.RELEASE\spring-boot-starter-json-2.1.5.RELEASE.jar;D:\worktools\cangku\com\fasterxml\jackson\core\jackson-databind\2.9.8\jackson-databind-2.9.8.jar;D:\worktools\cangku\com\fasterxml\jackson\core\jackson-annotations\2.9.0\jackson-annotations-2.9.0.jar;D:\worktools\cangku\com\fasterxml\jackson\core\jackson-core\2.9.8\jackson-core-2.9.8.jar;D:\worktools\cangku\com\fasterxml\jackson\datatype\jackson-datatype-jdk8\2.9.8\jackson-datatype-jdk8-2.9.8.jar;D:\worktools\cangku\com\fasterxml\jackson\datatype\jackson-datatype-jsr310\2.9.8\jackson-datatype-jsr310-2.9.8.jar;D:\worktools\cangku\com\fasterxml\jackson\module\jackson-module-parameter-names\2.9.8\jackson-module-parameter-names-2.9.8.jar;D:\worktools\cangku\org\springframework\boot\spring-boot-starter-tomcat\2.1.5.RELEASE\spring-boot-starter-tomcat-2.1.5.RELEASE.jar;D:\worktools\cangku\org\apache\tomcat\embed\tomcat-embed-core\9.0.19\tomcat-embed-core-9.0.19.jar;D:\worktools\cangku\org\apache\tomcat\embed\tomcat-embed-el\9.0.19\tomcat-embed-el-9.0.19.jar;D:\worktools\cangku\org\apache\tomcat\embed\tomcat-embed-websocket\9.0.19\tomcat-embed-websocket-9.0.19.jar;D:\worktools\cangku\org\hibernate\validator\hibernate-validator\6.0.16.Final\hibernate-validator-6.0.16.Final.jar;D:\worktools\cangku\javax\validation\validation-api\2.0.1.Final\validation-api-2.0.1.Final.jar;D:\worktools\cangku\org\jboss\logging\jboss-logging\3.3.2.Final\jboss-logging-3.3.2.Final.jar;D:\worktools\cangku\com\fasterxml\classmate\1.4.0\classmate-1.4.0.jar;D:\worktools\cangku\org\springframework\spring-web\5.1.7.RELEASE\spring-web-5.1.7.RELEASE.jar;D:\worktools\cangku\org\springframework\spring-beans\5.1.7.RELEASE\spring-beans-5.1.7.RELEASE.jar;D:\worktools\cangku\org\springframework\spring-webmvc\5.1.7.RELEASE\spring-webmvc-5.1.7.RELEASE.jar;D:\worktools\cangku\org\springframework\spring-aop\5.1.7.RELEASE\spring-aop-5.1.7.RELEASE.jar;D:\worktools\cangku\org\springframework\spring-context\5.1.7.RELEASE\spring-context-5.1.7.RELEASE.jar;D:\worktools\cangku\org\springframework\spring-expression\5.1.7.RELEASE\spring-expression-5.1.7.RELEASE.jar;D:\worktools\cangku\org\springframework\boot\spring-boot-starter-test\2.1.5.RELEASE\spring-boot-starter-test-2.1.5.RELEASE.jar;D:\worktools\cangku\org\springframework\boot\spring-boot-test\2.1.5.RELEASE\spring-boot-test-2.1.5.RELEASE.jar;D:\worktools\cangku\org\springframework\boot\spring-boot-test-autoconfigure\2.1.5.RELEASE\spring-boot-test-autoconfigure-2.1.5.RELEASE.jar;D:\worktools\cangku\com\jayway\jsonpath\json-path\2.4.0\json-path-2.4.0.jar;D:\worktools\cangku\net\minidev\json-smart\2.3\json-smart-2.3.jar;D:\worktools\cangku\net\minidev\accessors-smart\1.2\accessors-smart-1.2.jar;D:\worktools\cangku\org\ow2\asm\asm\5.0.4\asm-5.0.4.jar;D:\worktools\cangku\junit\junit\4.12\junit-4.12.jar;D:\worktools\cangku\org\assertj\assertj-core\3.11.1\assertj-core-3.11.1.jar;D:\worktools\cangku\org\mockito\mockito-core\2.23.4\mockito-core-2.23.4.jar;D:\worktools\cangku\net\bytebuddy\byte-buddy\1.9.12\byte-buddy-1.9.12.jar;D:\worktools\cangku\net\bytebuddy\byte-buddy-agent\1.9.12\byte-buddy-agent-1.9.12.jar;D:\worktools\cangku\org\objenesis\objenesis\2.6\objenesis-2.6.jar;D:\worktools\cangku\org\hamcrest\hamcrest-core\1.3\hamcrest-core-1.3.jar;D:\worktools\cangku\org\hamcrest\hamcrest-library\1.3\hamcrest-library-1.3.jar;D:\worktools\cangku\org\skyscreamer\jsonassert\1.5.0\jsonassert-1.5.0.jar;D:\worktools\cangku\com\vaadin\external\google\android-json\0.0.20131108.vaadin1\android-json-0.0.20131108.vaadin1.jar;D:\worktools\cangku\org\springframework\spring-core\5.1.7.RELEASE\spring-core-5.1.7.RELEASE.jar;D:\worktools\cangku\org\springframework\spring-jcl\5.1.7.RELEASE\spring-jcl-5.1.7.RELEASE.jar;D:\worktools\cangku\org\springframework\spring-test\5.1.7.RELEASE\spring-test-5.1.7.RELEASE.jar;D:\worktools\cangku\org\xmlunit\xmlunit-core\2.6.2\xmlunit-core-2.6.2.jar;D:\worktools\cangku\org\springframework\boot\spring-boot-starter-data-jpa\2.1.5.RELEASE\spring-boot-starter-data-jpa-2.1.5.RELEASE.jar;D:\worktools\cangku\org\springframework\boot\spring-boot-starter-aop\2.1.5.RELEASE\spring-boot-starter-aop-2.1.5.RELEASE.jar;D:\worktools\cangku\org\aspectj\aspectjweaver\1.9.4\aspectjweaver-1.9.4.jar;D:\worktools\cangku\javax\transaction\javax.transaction-api\1.3\javax.transaction-api-1.3.jar;D:\worktools\cangku\javax\xml\bind\jaxb-api\2.3.1\jaxb-api-2.3.1.jar;D:\worktools\cangku\javax\activation\javax.activation-api\1.2.0\javax.activation-api-1.2.0.jar;D:\worktools\cangku\org\hibernate\hibernate-core\5.3.10.Final\hibernate-core-5.3.10.Final.jar;D:\worktools\cangku\javax\persistence\javax.persistence-api\2.2\javax.persistence-api-2.2.jar;D:\worktools\cangku\org\javassist\javassist\3.23.2-GA\javassist-3.23.2-GA.jar;D:\worktools\cangku\antlr\antlr\2.7.7\antlr-2.7.7.jar;D:\worktools\cangku\org\jboss\jandex\2.0.5.Final\jandex-2.0.5.Final.jar;D:\worktools\cangku\org\dom4j\dom4j\2.1.1\dom4j-2.1.1.jar;D:\worktools\cangku\org\hibernate\common\hibernate-commons-annotations\5.0.4.Final\hibernate-commons-annotations-5.0.4.Final.jar;D:\worktools\cangku\org\springframework\data\spring-data-jpa\2.1.8.RELEASE\spring-data-jpa-2.1.8.RELEASE.jar;D:\worktools\cangku\org\springframework\data\spring-data-commons\2.1.8.RELEASE\spring-data-commons-2.1.8.RELEASE.jar;D:\worktools\cangku\org\springframework\spring-orm\5.1.7.RELEASE\spring-orm-5.1.7.RELEASE.jar;D:\worktools\cangku\org\springframework\spring-tx\5.1.7.RELEASE\spring-tx-5.1.7.RELEASE.jar;D:\worktools\cangku\org\springframework\spring-aspects\5.1.7.RELEASE\spring-aspects-5.1.7.RELEASE.jar;D:\worktools\cangku\org\springframework\boot\spring-boot-starter-jdbc\2.1.5.RELEASE\spring-boot-starter-jdbc-2.1.5.RELEASE.jar;D:\worktools\cangku\com\zaxxer\HikariCP\3.2.0\HikariCP-3.2.0.jar;D:\worktools\cangku\org\springframework\spring-jdbc\5.1.7.RELEASE\spring-jdbc-5.1.7.RELEASE.jar;D:\worktools\cangku\org\webjars\jquery\3.3.1\jquery-3.3.1.jar;D:\worktools\cangku\org\springframework\boot\spring-boot-starter-thymeleaf\2.1.5.RELEASE\spring-boot-starter-thymeleaf-2.1.5.RELEASE.jar;D:\worktools\cangku\org\thymeleaf\thymeleaf-spring5\3.0.11.RELEASE\thymeleaf-spring5-3.0.11.RELEASE.jar;D:\worktools\cangku\org\thymeleaf\thymeleaf\3.0.11.RELEASE\thymeleaf-3.0.11.RELEASE.jar;D:\worktools\cangku\org\attoparser\attoparser\2.0.5.RELEASE\attoparser-2.0.5.RELEASE.jar;D:\worktools\cangku\org\unbescape\unbescape\1.1.6.RELEASE\unbescape-1.1.6.RELEASE.jar;D:\worktools\cangku\org\thymeleaf\extras\thymeleaf-extras-java8time\3.0.4.RELEASE\thymeleaf-extras-java8time-3.0.4.RELEASE.jar;D:\worktools\cangku\mysql\mysql-connector-java\8.0.16\mysql-connector-java-8.0.16.jar;D:\worktools\cangku\org\mybatis\spring\boot\mybatis-spring-boot-starter\2.0.1\mybatis-spring-boot-starter-2.0.1.jar;D:\worktools\cangku\org\mybatis\spring\boot\mybatis-spring-boot-autoconfigure\2.0.1\mybatis-spring-boot-autoconfigure-2.0.1.jar;D:\worktools\cangku\org\mybatis\mybatis\3.5.1\mybatis-3.5.1.jar;D:\worktools\cangku\org\mybatis\mybatis-spring\2.0.1\mybatis-spring-2.0.1.jar;D:\worktools\cangku\org\mybatis\generator\mybatis-generator-core\1.3.5\mybatis-generator-core-1.3.5.jar;D:\worktools\cangku\com\alibaba\druid\1.1.12\druid-1.1.12.jar;D:\worktools\cangku\org\springframework\boot\spring-boot-starter-data-redis\2.1.5.RELEASE\spring-boot-starter-data-redis-2.1.5.RELEASE.jar;D:\worktools\cangku\org\springframework\data\spring-data-redis\2.1.8.RELEASE\spring-data-redis-2.1.8.RELEASE.jar;D:\worktools\cangku\org\springframework\data\spring-data-keyvalue\2.1.8.RELEASE\spring-data-keyvalue-2.1.8.RELEASE.jar;D:\worktools\cangku\org\springframework\spring-oxm\5.1.7.RELEASE\spring-oxm-5.1.7.RELEASE.jar;D:\worktools\cangku\org\springframework\spring-context-support\5.1.7.RELEASE\spring-context-support-5.1.7.RELEASE.jar;D:\worktools\cangku\io\lettuce\lettuce-core\5.1.6.RELEASE\lettuce-core-5.1.6.RELEASE.jar;D:\worktools\cangku\io\netty\netty-common\4.1.36.Final\netty-common-4.1.36.Final.jar;D:\worktools\cangku\io\netty\netty-handler\4.1.36.Final\netty-handler-4.1.36.Final.jar;D:\worktools\cangku\io\netty\netty-buffer\4.1.36.Final\netty-buffer-4.1.36.Final.jar;D:\worktools\cangku\io\netty\netty-codec\4.1.36.Final\netty-codec-4.1.36.Final.jar;D:\worktools\cangku\io\netty\netty-transport\4.1.36.Final\netty-transport-4.1.36.Final.jar;D:\worktools\cangku\io\netty\netty-resolver\4.1.36.Final\netty-resolver-4.1.36.Final.jar;D:\worktools\cangku\io\projectreactor\reactor-core\3.2.9.RELEASE\reactor-core-3.2.9.RELEASE.jar;D:\worktools\cangku\org\reactivestreams\reactive-streams\1.0.2\reactive-streams-1.0.2.jar;D:\worktools\cangku\org\apache\shiro\shiro-core\1.4.0\shiro-core-1.4.0.jar;D:\worktools\cangku\org\apache\shiro\shiro-lang\1.4.0\shiro-lang-1.4.0.jar;D:\worktools\cangku\org\apache\shiro\shiro-cache\1.4.0\shiro-cache-1.4.0.jar;D:\worktools\cangku\org\apache\shiro\shiro-crypto-hash\1.4.0\shiro-crypto-hash-1.4.0.jar;D:\worktools\cangku\org\apache\shiro\shiro-crypto-core\1.4.0\shiro-crypto-core-1.4.0.jar;D:\worktools\cangku\org\apache\shiro\shiro-crypto-cipher\1.4.0\shiro-crypto-cipher-1.4.0.jar;D:\worktools\cangku\org\apache\shiro\shiro-config-core\1.4.0\shiro-config-core-1.4.0.jar;D:\worktools\cangku\org\apache\shiro\shiro-config-ogdl\1.4.0\shiro-config-ogdl-1.4.0.jar;D:\worktools\cangku\commons-beanutils\commons-beanutils\1.9.3\commons-beanutils-1.9.3.jar;D:\worktools\cangku\commons-collections\commons-collections\3.2.2\commons-collections-3.2.2.jar;D:\worktools\cangku\org\apache\shiro\shiro-event\1.4.0\shiro-event-1.4.0.jar;D:\worktools\cangku\org\apache\shiro\shiro-spring\1.4.0\shiro-spring-1.4.0.jar;D:\worktools\cangku\org\apache\shiro\shiro-web\1.4.0\shiro-web-1.4.0.jar;D:\worktools\cangku\org\apache\shiro\shiro-ehcache\1.4.0\shiro-ehcache-1.4.0.jar;D:\worktools\cangku\net\sf\ehcache\ehcache-core\2.6.11\ehcache-core-2.6.11.jar;D:\worktools\cangku\org\crazycake\shiro-redis\3.1.0\shiro-redis-3.1.0.jar;D:\worktools\cangku\redis\clients\jedis\2.9.3\jedis-2.9.3.jar;D:\worktools\cangku\org\apache\commons\commons-pool2\2.6.2\commons-pool2-2.6.2.jar;D:\worktools\cangku\org\slf4j\slf4j-api\1.7.26\slf4j-api-1.7.26.jar;D:\worktools\cangku\com\puppycrawl\tools\checkstyle\8.3\checkstyle-8.3.jar;D:\worktools\cangku\org\antlr\antlr4-runtime\4.7\antlr4-runtime-4.7.jar;D:\worktools\cangku\commons-cli\commons-cli\1.4\commons-cli-1.4.jar;D:\worktools\cangku\com\google\guava\guava\23.0\guava-23.0.jar;D:\worktools\cangku\com\google\code\findbugs\jsr305\1.3.9\jsr305-1.3.9.jar;D:\worktools\cangku\com\google\errorprone\error_prone_annotations\2.0.18\error_prone_annotations-2.0.18.jar;D:\worktools\cangku\com\google\j2objc\j2objc-annotations\1.1\j2objc-annotations-1.1.jar;D:\worktools\cangku\org\codehaus\mojo\animal-sniffer-annotations\1.14\animal-sniffer-annotations-1.14.jar;D:\worktools\cangku\net\sf\saxon\Saxon-HE\9.8.0-4\Saxon-HE-9.8.0-4.jar;C:\java\java\jdk\jre\..\lib\tools.jar;D:\worktools\cangku\com\alibaba\fastjson\1.2.3\fastjson-1.2.3.jar;"/>
    <property name="sun.cpu.endian" value="little"/>
    <property name="user.home" value="C:\Users\13620"/>
    <property name="user.language" value="zh"/>
    <property name="java.specification.vendor" value="Oracle Corporation"/>
    <property name="java.home" value="C:\java\java\jdk\jre"/>
    <property name="basedir" value="D:\poortom"/>
    <property name="file.separator" value="\"/>
    <property name="line.separator" value="&#10;"/>
    <property name="java.vm.specification.vendor" value="Oracle Corporation"/>
    <property name="java.specification.name" value="Java Platform API Specification"/>
    <property name="java.awt.graphicsenv" value="sun.awt.Win32GraphicsEnvironment"/>
    <property name="surefire.real.class.path" value="C:\Users\13620\AppData\Local\Temp\surefire8054000340393792013\surefirebooter8504955604777530128.jar"/>
    <property name="sun.boot.class.path" value="C:\java\java\jdk\jre\lib\resources.jar;C:\java\java\jdk\jre\lib\rt.jar;C:\java\java\jdk\jre\lib\sunrsasign.jar;C:\java\java\jdk\jre\lib\jsse.jar;C:\java\java\jdk\jre\lib\jce.jar;C:\java\java\jdk\jre\lib\charsets.jar;C:\java\java\jdk\jre\lib\jfr.jar;C:\java\java\jdk\jre\classes"/>
    <property name="user.script" value=""/>
    <property name="sun.management.compiler" value="HotSpot 64-Bit Tiered Compilers"/>
    <property name="java.runtime.version" value="1.8.0_161-b12"/>
    <property name="user.name" value="13620"/>
    <property name="path.separator" value=";"/>
    <property name="os.version" value="10.0"/>
    <property name="java.endorsed.dirs" value="C:\java\java\jdk\jre\lib\endorsed"/>
    <property name="java.runtime.name" value="Java(TM) SE Runtime Environment"/>
    <property name="file.encoding" value="GBK"/>
    <property name="java.vm.name" value="Java HotSpot(TM) 64-Bit Server VM"/>
    <property name="localRepository" value="D:\worktools\cangku"/>
    <property name="java.vendor.url.bug" value="http://bugreport.sun.com/bugreport/"/>
    <property name="java.io.tmpdir" value="C:\Users\13620\AppData\Local\Temp\"/>
    <property name="idea.version" value="2017.1.4"/>
    <property name="java.version" value="1.8.0_161"/>
    <property name="user.dir" value="D:\poortom"/>
    <property name="os.arch" value="amd64"/>
    <property name="java.vm.specification.name" value="Java Virtual Machine Specification"/>
    <property name="java.awt.printerjob" value="sun.awt.windows.WPrinterJob"/>
    <property name="sun.os.patch.level" value=""/>
    <property name="java.library.path" value="C:\java\java\jdk\jre\bin;C:\WINDOWS\Sun\Java\bin;C:\WINDOWS\system32;C:\WINDOWS;C:\WINDOWSSystem32;C:\WINDOWSSystem32WindowsPowerShellv1.0;D:\worktools\java\jdk\bin;D:\worktools\java\jdk\jre\bin;D:\worktools\apache-maven-3.5.0\bin;&quot;D:\apache-tomcat-7.0.92\lib;D:\apache-tomcat-7.0.92\bin&quot;;&quot;;D:\apache-tomcat-7.0.92\bin&quot;;D:\apache-tomcat-7.0.92\lib;D:\apache-tomcat-7.0.92\bin;C:\gradle\gradle-4.5.1-bin\gradle-4.5.1\bin;C:\svn\bin;C:\git\Git\cmd;C:\node.js\;D:\worktools\mysql\bin;D:\新建文件夹\TortoiseGit-2.7.0.0-64bit\bin;C:\Program Files (x86)\Intel\Intel(R) Management Engine Components\DAL;C:\Program Files\Intel\Intel(R) Management Engine Components\DAL;C:\Users\13620\AppData\Local\Microsoft\WindowsApps;;C:\Visual Studio code\Microsoft VS Code\bin;C:\Users\13620\AppData\Roaming\npm;."/>
    <property name="java.vm.info" value="mixed mode"/>
    <property name="java.vendor" value="Oracle Corporation"/>
    <property name="java.vm.version" value="25.161-b12"/>
    <property name="java.ext.dirs" value="C:\java\java\jdk\jre\lib\ext;C:\WINDOWS\Sun\Java\lib\ext"/>
    <property name="sun.io.unicode.encoding" value="UnicodeLittle"/>
    <property name="maven.repo.local" value="D:\worktools\cangku"/>
    <property name="java.class.version" value="52.0"/>
  </properties>
  <testcase name="contextLoads" classname="com.poortom.springboot.PoortomApplicationTests" time="0.003">
    <error message="Failed to load ApplicationContext" type="java.lang.IllegalStateException"><![CDATA[java.lang.IllegalStateException: Failed to load ApplicationContext
Caused by: java.lang.IllegalStateException: Failed to load property source from location 'classpath:/application.yml'
Caused by: org.yaml.snakeyaml.parser.ParserException: 
while parsing a block mapping
 in 'reader', line 2, column 3:
      datasource:
      ^
expected <block end>, but found '<block mapping start>'
 in 'reader', line 50, column 4:
       redis:
       ^

]]></error>
    <system-out><![CDATA[19:05:53.562 [main] DEBUG org.springframework.test.context.junit4.SpringJUnit4ClassRunner - SpringJUnit4ClassRunner constructor called with [class com.poortom.springboot.PoortomApplicationTests]
19:05:53.569 [main] DEBUG org.springframework.test.context.BootstrapUtils - Instantiating CacheAwareContextLoaderDelegate from class [org.springframework.test.context.cache.DefaultCacheAwareContextLoaderDelegate]
19:05:53.580 [main] DEBUG org.springframework.test.context.BootstrapUtils - Instantiating BootstrapContext using constructor [public org.springframework.test.context.support.DefaultBootstrapContext(java.lang.Class,org.springframework.test.context.CacheAwareContextLoaderDelegate)]
19:05:53.603 [main] DEBUG org.springframework.test.context.BootstrapUtils - Instantiating TestContextBootstrapper for test class [com.poortom.springboot.PoortomApplicationTests] from class [org.springframework.boot.test.context.SpringBootTestContextBootstrapper]
19:05:53.623 [main] INFO org.springframework.boot.test.context.SpringBootTestContextBootstrapper - Neither @ContextConfiguration nor @ContextHierarchy found for test class [com.poortom.springboot.PoortomApplicationTests], using SpringBootContextLoader
19:05:53.627 [main] DEBUG org.springframework.test.context.support.AbstractContextLoader - Did not detect default resource location for test class [com.poortom.springboot.PoortomApplicationTests]: class path resource [com/poortom/springboot/PoortomApplicationTests-context.xml] does not exist
19:05:53.628 [main] DEBUG org.springframework.test.context.support.AbstractContextLoader - Did not detect default resource location for test class [com.poortom.springboot.PoortomApplicationTests]: class path resource [com/poortom/springboot/PoortomApplicationTestsContext.groovy] does not exist
19:05:53.628 [main] INFO org.springframework.test.context.support.AbstractContextLoader - Could not detect default resource locations for test class [com.poortom.springboot.PoortomApplicationTests]: no resource found for suffixes {-context.xml, Context.groovy}.
19:05:53.629 [main] INFO org.springframework.test.context.support.AnnotationConfigContextLoaderUtils - Could not detect default configuration classes for test class [com.poortom.springboot.PoortomApplicationTests]: PoortomApplicationTests does not declare any static, non-private, non-final, nested classes annotated with @Configuration.
19:05:53.686 [main] DEBUG org.springframework.test.context.support.ActiveProfilesUtils - Could not find an 'annotation declaring class' for annotation type [org.springframework.test.context.ActiveProfiles] and class [com.poortom.springboot.PoortomApplicationTests]
19:05:53.832 [main] DEBUG org.springframework.context.annotation.ClassPathScanningCandidateComponentProvider - Identified candidate component class: file [D:\poortom\target\classes\com\poortom\springboot\PoortomApplication.class]
19:05:53.834 [main] INFO org.springframework.boot.test.context.SpringBootTestContextBootstrapper - Found @SpringBootConfiguration com.poortom.springboot.PoortomApplication for test class com.poortom.springboot.PoortomApplicationTests
19:05:53.943 [main] DEBUG org.springframework.boot.test.context.SpringBootTestContextBootstrapper - @TestExecutionListeners is not present for class [com.poortom.springboot.PoortomApplicationTests]: using defaults.
19:05:53.944 [main] INFO org.springframework.boot.test.context.SpringBootTestContextBootstrapper - Loaded default TestExecutionListener class names from location [META-INF/spring.factories]: [org.springframework.boot.test.mock.mockito.MockitoTestExecutionListener, org.springframework.boot.test.mock.mockito.ResetMocksTestExecutionListener, org.springframework.boot.test.autoconfigure.restdocs.RestDocsTestExecutionListener, org.springframework.boot.test.autoconfigure.web.client.MockRestServiceServerResetTestExecutionListener, org.springframework.boot.test.autoconfigure.web.servlet.MockMvcPrintOnlyOnFailureTestExecutionListener, org.springframework.boot.test.autoconfigure.web.servlet.WebDriverTestExecutionListener, org.springframework.test.context.web.ServletTestExecutionListener, org.springframework.test.context.support.DirtiesContextBeforeModesTestExecutionListener, org.springframework.test.context.support.DependencyInjectionTestExecutionListener, org.springframework.test.context.support.DirtiesContextTestExecutionListener, org.springframework.test.context.transaction.TransactionalTestExecutionListener, org.springframework.test.context.jdbc.SqlScriptsTestExecutionListener]
19:05:53.967 [main] INFO org.springframework.boot.test.context.SpringBootTestContextBootstrapper - Using TestExecutionListeners: [org.springframework.test.context.web.ServletTestExecutionListener@3d285d7e, org.springframework.test.context.support.DirtiesContextBeforeModesTestExecutionListener@40005471, org.springframework.boot.test.mock.mockito.MockitoTestExecutionListener@2cd76f31, org.springframework.boot.test.autoconfigure.SpringBootDependencyInjectionTestExecutionListener@367ffa75, org.springframework.test.context.support.DirtiesContextTestExecutionListener@49438269, org.springframework.test.context.transaction.TransactionalTestExecutionListener@ba2f4ec, org.springframework.test.context.jdbc.SqlScriptsTestExecutionListener@1c1bbc4e, org.springframework.boot.test.mock.mockito.ResetMocksTestExecutionListener@55fe41ea, org.springframework.boot.test.autoconfigure.restdocs.RestDocsTestExecutionListener@fbd1f6, org.springframework.boot.test.autoconfigure.web.client.MockRestServiceServerResetTestExecutionListener@1ce24091, org.springframework.boot.test.autoconfigure.web.servlet.MockMvcPrintOnlyOnFailureTestExecutionListener@5dda768f, org.springframework.boot.test.autoconfigure.web.servlet.WebDriverTestExecutionListener@7a8c8dcf]
19:05:53.971 [main] DEBUG org.springframework.test.annotation.ProfileValueUtils - Retrieved @ProfileValueSourceConfiguration [null] for test class [com.poortom.springboot.PoortomApplicationTests]
19:05:53.971 [main] DEBUG org.springframework.test.annotation.ProfileValueUtils - Retrieved ProfileValueSource type [class org.springframework.test.annotation.SystemProfileValueSource] for class [com.poortom.springboot.PoortomApplicationTests]
19:05:53.973 [main] DEBUG org.springframework.test.annotation.ProfileValueUtils - Retrieved @ProfileValueSourceConfiguration [null] for test class [com.poortom.springboot.PoortomApplicationTests]
19:05:53.973 [main] DEBUG org.springframework.test.annotation.ProfileValueUtils - Retrieved ProfileValueSource type [class org.springframework.test.annotation.SystemProfileValueSource] for class [com.poortom.springboot.PoortomApplicationTests]
19:05:53.974 [main] DEBUG org.springframework.test.annotation.ProfileValueUtils - Retrieved @ProfileValueSourceConfiguration [null] for test class [com.poortom.springboot.PoortomApplicationTests]
19:05:53.974 [main] DEBUG org.springframework.test.annotation.ProfileValueUtils - Retrieved ProfileValueSource type [class org.springframework.test.annotation.SystemProfileValueSource] for class [com.poortom.springboot.PoortomApplicationTests]
19:05:53.979 [main] DEBUG org.springframework.test.context.support.AbstractDirtiesContextTestExecutionListener - Before test class: context [DefaultTestContext@2df3b89c testClass = PoortomApplicationTests, testInstance = [null], testMethod = [null], testException = [null], mergedContextConfiguration = [WebMergedContextConfiguration@23348b5d testClass = PoortomApplicationTests, locations = '{}', classes = '{class com.poortom.springboot.PoortomApplication}', contextInitializerClasses = '[]', activeProfiles = '{}', propertySourceLocations = '{}', propertySourceProperties = '{org.springframework.boot.test.context.SpringBootTestContextBootstrapper=true}', contextCustomizers = set[org.springframework.boot.test.context.filter.ExcludeFilterContextCustomizer@6483f5ae, org.springframework.boot.test.json.DuplicateJsonObjectContextCustomizerFactory$DuplicateJsonObjectContextCustomizer@73d4cc9e, org.springframework.boot.test.mock.mockito.MockitoContextCustomizer@0, org.springframework.boot.test.web.client.TestRestTemplateContextCustomizer@17695df3, org.springframework.boot.test.autoconfigure.properties.PropertyMappingContextCustomizer@0, org.springframework.boot.test.autoconfigure.web.servlet.WebDriverContextCustomizerFactory$Customizer@4e4aea35], resourceBasePath = 'src/main/webapp', contextLoader = 'org.springframework.boot.test.context.SpringBootContextLoader', parent = [null]], attributes = map['org.springframework.test.context.web.ServletTestExecutionListener.activateListener' -> true]], class annotated with @DirtiesContext [false] with mode [null].
19:05:53.980 [main] DEBUG org.springframework.test.annotation.ProfileValueUtils - Retrieved @ProfileValueSourceConfiguration [null] for test class [com.poortom.springboot.PoortomApplicationTests]
19:05:53.980 [main] DEBUG org.springframework.test.annotation.ProfileValueUtils - Retrieved ProfileValueSource type [class org.springframework.test.annotation.SystemProfileValueSource] for class [com.poortom.springboot.PoortomApplicationTests]
19:05:54.009 [main] DEBUG org.springframework.test.context.support.TestPropertySourceUtils - Adding inlined properties to environment: {spring.jmx.enabled=false, org.springframework.boot.test.context.SpringBootTestContextBootstrapper=true, server.port=-1}
19:05:54.219 [main] DEBUG org.springframework.boot.context.logging.ClasspathLoggingApplicationListener - Application failed to start with classpath: [file:/C:/Users/13620/AppData/Local/Temp/surefire8054000340393792013/surefirebooter8504955604777530128.jar]
19:05:54.362 [background-preinit] DEBUG org.hibernate.validator.messageinterpolation.ResourceBundleMessageInterpolator - Loaded expression factory via original TCCL
19:05:54.369 [background-preinit] DEBUG org.hibernate.validator.internal.engine.ValidatorFactoryImpl - HV000234: Using org.hibernate.validator.messageinterpolation.ResourceBundleMessageInterpolator as ValidatorFactory-scoped message interpolator.
19:05:54.370 [background-preinit] DEBUG org.hibernate.validator.internal.engine.ValidatorFactoryImpl - HV000234: Using org.hibernate.validator.internal.engine.resolver.JPATraversableResolver as ValidatorFactory-scoped traversable resolver.
19:05:54.370 [background-preinit] DEBUG org.hibernate.validator.internal.engine.ValidatorFactoryImpl - HV000234: Using org.hibernate.validator.internal.util.ExecutableParameterNameProvider as ValidatorFactory-scoped parameter name provider.
19:05:54.370 [background-preinit] DEBUG org.hibernate.validator.internal.engine.ValidatorFactoryImpl - HV000234: Using org.hibernate.validator.internal.engine.DefaultClockProvider as ValidatorFactory-scoped clock provider.
19:05:54.370 [background-preinit] DEBUG org.hibernate.validator.internal.engine.ValidatorFactoryImpl - HV000234: Using org.hibernate.validator.internal.engine.scripting.DefaultScriptEvaluatorFactory as ValidatorFactory-scoped script evaluator factory.
19:05:55.197 [main] ERROR org.springframework.boot.SpringApplication - Application run failed
java.lang.IllegalStateException: Failed to load property source from location 'classpath:/application.yml'
	at org.springframework.boot.context.config.ConfigFileApplicationListener$Loader.load(ConfigFileApplicationListener.java:556)
	at org.springframework.boot.context.config.ConfigFileApplicationListener$Loader.loadForFileExtension(ConfigFileApplicationListener.java:502)
	at org.springframework.boot.context.config.ConfigFileApplicationListener$Loader.load(ConfigFileApplicationListener.java:469)
	at org.springframework.boot.context.config.ConfigFileApplicationListener$Loader.lambda$null$6(ConfigFileApplicationListener.java:450)
	at java.lang.Iterable.forEach(Iterable.java:75)
	at org.springframework.boot.context.config.ConfigFileApplicationListener$Loader.lambda$load$7(ConfigFileApplicationListener.java:449)
	at java.lang.Iterable.forEach(Iterable.java:75)
	at org.springframework.boot.context.config.ConfigFileApplicationListener$Loader.load(ConfigFileApplicationListener.java:446)
	at org.springframework.boot.context.config.ConfigFileApplicationListener$Loader.load(ConfigFileApplicationListener.java:334)
	at org.springframework.boot.context.config.ConfigFileApplicationListener.addPropertySources(ConfigFileApplicationListener.java:209)
	at org.springframework.boot.context.config.ConfigFileApplicationListener.postProcessEnvironment(ConfigFileApplicationListener.java:192)
	at org.springframework.boot.context.config.ConfigFileApplicationListener.onApplicationEnvironmentPreparedEvent(ConfigFileApplicationListener.java:179)
	at org.springframework.boot.context.config.ConfigFileApplicationListener.onApplicationEvent(ConfigFileApplicationListener.java:165)
	at org.springframework.context.event.SimpleApplicationEventMulticaster.doInvokeListener(SimpleApplicationEventMulticaster.java:172)
	at org.springframework.context.event.SimpleApplicationEventMulticaster.invokeListener(SimpleApplicationEventMulticaster.java:165)
	at org.springframework.context.event.SimpleApplicationEventMulticaster.multicastEvent(SimpleApplicationEventMulticaster.java:139)
	at org.springframework.context.event.SimpleApplicationEventMulticaster.multicastEvent(SimpleApplicationEventMulticaster.java:127)
	at org.springframework.boot.context.event.EventPublishingRunListener.environmentPrepared(EventPublishingRunListener.java:75)
	at org.springframework.boot.SpringApplicationRunListeners.environmentPrepared(SpringApplicationRunListeners.java:54)
	at org.springframework.boot.SpringApplication.prepareEnvironment(SpringApplication.java:347)
	at org.springframework.boot.SpringApplication.run(SpringApplication.java:306)
	at org.springframework.boot.test.context.SpringBootContextLoader.loadContext(SpringBootContextLoader.java:127)
	at org.springframework.test.context.cache.DefaultCacheAwareContextLoaderDelegate.loadContextInternal(DefaultCacheAwareContextLoaderDelegate.java:99)
	at org.springframework.test.context.cache.DefaultCacheAwareContextLoaderDelegate.loadContext(DefaultCacheAwareContextLoaderDelegate.java:117)
	at org.springframework.test.context.support.DefaultTestContext.getApplicationContext(DefaultTestContext.java:108)
	at org.springframework.test.context.web.ServletTestExecutionListener.setUpRequestContextIfNecessary(ServletTestExecutionListener.java:190)
	at org.springframework.test.context.web.ServletTestExecutionListener.prepareTestInstance(ServletTestExecutionListener.java:132)
	at org.springframework.test.context.TestContextManager.prepareTestInstance(TestContextManager.java:246)
	at org.springframework.test.context.junit4.SpringJUnit4ClassRunner.createTest(SpringJUnit4ClassRunner.java:227)
	at org.springframework.test.context.junit4.SpringJUnit4ClassRunner$1.runReflectiveCall(SpringJUnit4ClassRunner.java:289)
	at org.junit.internal.runners.model.ReflectiveCallable.run(ReflectiveCallable.java:12)
	at org.springframework.test.context.junit4.SpringJUnit4ClassRunner.methodBlock(SpringJUnit4ClassRunner.java:291)
	at org.springframework.test.context.junit4.SpringJUnit4ClassRunner.runChild(SpringJUnit4ClassRunner.java:246)
	at org.springframework.test.context.junit4.SpringJUnit4ClassRunner.runChild(SpringJUnit4ClassRunner.java:97)
	at org.junit.runners.ParentRunner$3.run(ParentRunner.java:290)
	at org.junit.runners.ParentRunner$1.schedule(ParentRunner.java:71)
	at org.junit.runners.ParentRunner.runChildren(ParentRunner.java:288)
	at org.junit.runners.ParentRunner.access$000(ParentRunner.java:58)
	at org.junit.runners.ParentRunner$2.evaluate(ParentRunner.java:268)
	at org.springframework.test.context.junit4.statements.RunBeforeTestClassCallbacks.evaluate(RunBeforeTestClassCallbacks.java:61)
	at org.springframework.test.context.junit4.statements.RunAfterTestClassCallbacks.evaluate(RunAfterTestClassCallbacks.java:70)
	at org.junit.runners.ParentRunner.run(ParentRunner.java:363)
	at org.springframework.test.context.junit4.SpringJUnit4ClassRunner.run(SpringJUnit4ClassRunner.java:190)
	at org.apache.maven.surefire.junit4.JUnit4Provider.execute(JUnit4Provider.java:365)
	at org.apache.maven.surefire.junit4.JUnit4Provider.executeWithRerun(JUnit4Provider.java:273)
	at org.apache.maven.surefire.junit4.JUnit4Provider.executeTestSet(JUnit4Provider.java:238)
	at org.apache.maven.surefire.junit4.JUnit4Provider.invoke(JUnit4Provider.java:159)
	at org.apache.maven.surefire.booter.ForkedBooter.invokeProviderInSameClassLoader(ForkedBooter.java:384)
	at org.apache.maven.surefire.booter.ForkedBooter.runSuitesInProcess(ForkedBooter.java:345)
	at org.apache.maven.surefire.booter.ForkedBooter.execute(ForkedBooter.java:126)
	at org.apache.maven.surefire.booter.ForkedBooter.main(ForkedBooter.java:418)
Caused by: org.yaml.snakeyaml.parser.ParserException: while parsing a block mapping
 in 'reader', line 2, column 3:
      datasource:
      ^
expected <block end>, but found '<block mapping start>'
 in 'reader', line 50, column 4:
       redis:
       ^

	at org.yaml.snakeyaml.parser.ParserImpl$ParseBlockMappingKey.produce(ParserImpl.java:572)
	at org.yaml.snakeyaml.parser.ParserImpl.peekEvent(ParserImpl.java:158)
	at org.yaml.snakeyaml.parser.ParserImpl.checkEvent(ParserImpl.java:148)
	at org.yaml.snakeyaml.composer.Composer.composeMappingNode(Composer.java:214)
	at org.yaml.snakeyaml.composer.Composer.composeNode(Composer.java:144)
	at org.yaml.snakeyaml.composer.Composer.composeValueNode(Composer.java:236)
	at org.yaml.snakeyaml.composer.Composer.composeMappingChildren(Composer.java:227)
	at org.yaml.snakeyaml.composer.Composer.composeMappingNode(Composer.java:215)
	at org.yaml.snakeyaml.composer.Composer.composeNode(Composer.java:144)
	at org.yaml.snakeyaml.composer.Composer.getNode(Composer.java:85)
	at org.yaml.snakeyaml.constructor.BaseConstructor.getData(BaseConstructor.java:123)
	at org.yaml.snakeyaml.Yaml$1.next(Yaml.java:547)
	at org.springframework.beans.factory.config.YamlProcessor.process(YamlProcessor.java:160)
	at org.springframework.beans.factory.config.YamlProcessor.process(YamlProcessor.java:134)
	at org.springframework.boot.env.OriginTrackedYamlLoader.load(OriginTrackedYamlLoader.java:75)
	at org.springframework.boot.env.YamlPropertySourceLoader.load(YamlPropertySourceLoader.java:50)
	at org.springframework.boot.context.config.ConfigFileApplicationListener$Loader.loadDocuments(ConfigFileApplicationListener.java:574)
	at org.springframework.boot.context.config.ConfigFileApplicationListener$Loader.load(ConfigFileApplicationListener.java:528)
	... 50 common frames omitted
19:05:55.198 [main] ERROR org.springframework.test.context.TestContextManager - Caught exception while allowing TestExecutionListener [org.springframework.test.context.web.ServletTestExecutionListener@3d285d7e] to prepare test instance [com.poortom.springboot.PoortomApplicationTests@645aa696]
java.lang.IllegalStateException: Failed to load ApplicationContext
	at org.springframework.test.context.cache.DefaultCacheAwareContextLoaderDelegate.loadContext(DefaultCacheAwareContextLoaderDelegate.java:125)
	at org.springframework.test.context.support.DefaultTestContext.getApplicationContext(DefaultTestContext.java:108)
	at org.springframework.test.context.web.ServletTestExecutionListener.setUpRequestContextIfNecessary(ServletTestExecutionListener.java:190)
	at org.springframework.test.context.web.ServletTestExecutionListener.prepareTestInstance(ServletTestExecutionListener.java:132)
	at org.springframework.test.context.TestContextManager.prepareTestInstance(TestContextManager.java:246)
	at org.springframework.test.context.junit4.SpringJUnit4ClassRunner.createTest(SpringJUnit4ClassRunner.java:227)
	at org.springframework.test.context.junit4.SpringJUnit4ClassRunner$1.runReflectiveCall(SpringJUnit4ClassRunner.java:289)
	at org.junit.internal.runners.model.ReflectiveCallable.run(ReflectiveCallable.java:12)
	at org.springframework.test.context.junit4.SpringJUnit4ClassRunner.methodBlock(SpringJUnit4ClassRunner.java:291)
	at org.springframework.test.context.junit4.SpringJUnit4ClassRunner.runChild(SpringJUnit4ClassRunner.java:246)
	at org.springframework.test.context.junit4.SpringJUnit4ClassRunner.runChild(SpringJUnit4ClassRunner.java:97)
	at org.junit.runners.ParentRunner$3.run(ParentRunner.java:290)
	at org.junit.runners.ParentRunner$1.schedule(ParentRunner.java:71)
	at org.junit.runners.ParentRunner.runChildren(ParentRunner.java:288)
	at org.junit.runners.ParentRunner.access$000(ParentRunner.java:58)
	at org.junit.runners.ParentRunner$2.evaluate(ParentRunner.java:268)
	at org.springframework.test.context.junit4.statements.RunBeforeTestClassCallbacks.evaluate(RunBeforeTestClassCallbacks.java:61)
	at org.springframework.test.context.junit4.statements.RunAfterTestClassCallbacks.evaluate(RunAfterTestClassCallbacks.java:70)
	at org.junit.runners.ParentRunner.run(ParentRunner.java:363)
	at org.springframework.test.context.junit4.SpringJUnit4ClassRunner.run(SpringJUnit4ClassRunner.java:190)
	at org.apache.maven.surefire.junit4.JUnit4Provider.execute(JUnit4Provider.java:365)
	at org.apache.maven.surefire.junit4.JUnit4Provider.executeWithRerun(JUnit4Provider.java:273)
	at org.apache.maven.surefire.junit4.JUnit4Provider.executeTestSet(JUnit4Provider.java:238)
	at org.apache.maven.surefire.junit4.JUnit4Provider.invoke(JUnit4Provider.java:159)
	at org.apache.maven.surefire.booter.ForkedBooter.invokeProviderInSameClassLoader(ForkedBooter.java:384)
	at org.apache.maven.surefire.booter.ForkedBooter.runSuitesInProcess(ForkedBooter.java:345)
	at org.apache.maven.surefire.booter.ForkedBooter.execute(ForkedBooter.java:126)
	at org.apache.maven.surefire.booter.ForkedBooter.main(ForkedBooter.java:418)
Caused by: java.lang.IllegalStateException: Failed to load property source from location 'classpath:/application.yml'
	at org.springframework.boot.context.config.ConfigFileApplicationListener$Loader.load(ConfigFileApplicationListener.java:556)
	at org.springframework.boot.context.config.ConfigFileApplicationListener$Loader.loadForFileExtension(ConfigFileApplicationListener.java:502)
	at org.springframework.boot.context.config.ConfigFileApplicationListener$Loader.load(ConfigFileApplicationListener.java:469)
	at org.springframework.boot.context.config.ConfigFileApplicationListener$Loader.lambda$null$6(ConfigFileApplicationListener.java:450)
	at java.lang.Iterable.forEach(Iterable.java:75)
	at org.springframework.boot.context.config.ConfigFileApplicationListener$Loader.lambda$load$7(ConfigFileApplicationListener.java:449)
	at java.lang.Iterable.forEach(Iterable.java:75)
	at org.springframework.boot.context.config.ConfigFileApplicationListener$Loader.load(ConfigFileApplicationListener.java:446)
	at org.springframework.boot.context.config.ConfigFileApplicationListener$Loader.load(ConfigFileApplicationListener.java:334)
	at org.springframework.boot.context.config.ConfigFileApplicationListener.addPropertySources(ConfigFileApplicationListener.java:209)
	at org.springframework.boot.context.config.ConfigFileApplicationListener.postProcessEnvironment(ConfigFileApplicationListener.java:192)
	at org.springframework.boot.context.config.ConfigFileApplicationListener.onApplicationEnvironmentPreparedEvent(ConfigFileApplicationListener.java:179)
	at org.springframework.boot.context.config.ConfigFileApplicationListener.onApplicationEvent(ConfigFileApplicationListener.java:165)
	at org.springframework.context.event.SimpleApplicationEventMulticaster.doInvokeListener(SimpleApplicationEventMulticaster.java:172)
	at org.springframework.context.event.SimpleApplicationEventMulticaster.invokeListener(SimpleApplicationEventMulticaster.java:165)
	at org.springframework.context.event.SimpleApplicationEventMulticaster.multicastEvent(SimpleApplicationEventMulticaster.java:139)
	at org.springframework.context.event.SimpleApplicationEventMulticaster.multicastEvent(SimpleApplicationEventMulticaster.java:127)
	at org.springframework.boot.context.event.EventPublishingRunListener.environmentPrepared(EventPublishingRunListener.java:75)
	at org.springframework.boot.SpringApplicationRunListeners.environmentPrepared(SpringApplicationRunListeners.java:54)
	at org.springframework.boot.SpringApplication.prepareEnvironment(SpringApplication.java:347)
	at org.springframework.boot.SpringApplication.run(SpringApplication.java:306)
	at org.springframework.boot.test.context.SpringBootContextLoader.loadContext(SpringBootContextLoader.java:127)
	at org.springframework.test.context.cache.DefaultCacheAwareContextLoaderDelegate.loadContextInternal(DefaultCacheAwareContextLoaderDelegate.java:99)
	at org.springframework.test.context.cache.DefaultCacheAwareContextLoaderDelegate.loadContext(DefaultCacheAwareContextLoaderDelegate.java:117)
	... 27 common frames omitted
Caused by: org.yaml.snakeyaml.parser.ParserException: while parsing a block mapping
 in 'reader', line 2, column 3:
      datasource:
      ^
expected <block end>, but found '<block mapping start>'
 in 'reader', line 50, column 4:
       redis:
       ^

	at org.yaml.snakeyaml.parser.ParserImpl$ParseBlockMappingKey.produce(ParserImpl.java:572)
	at org.yaml.snakeyaml.parser.ParserImpl.peekEvent(ParserImpl.java:158)
	at org.yaml.snakeyaml.parser.ParserImpl.checkEvent(ParserImpl.java:148)
	at org.yaml.snakeyaml.composer.Composer.composeMappingNode(Composer.java:214)
	at org.yaml.snakeyaml.composer.Composer.composeNode(Composer.java:144)
	at org.yaml.snakeyaml.composer.Composer.composeValueNode(Composer.java:236)
	at org.yaml.snakeyaml.composer.Composer.composeMappingChildren(Composer.java:227)
	at org.yaml.snakeyaml.composer.Composer.composeMappingNode(Composer.java:215)
	at org.yaml.snakeyaml.composer.Composer.composeNode(Composer.java:144)
	at org.yaml.snakeyaml.composer.Composer.getNode(Composer.java:85)
	at org.yaml.snakeyaml.constructor.BaseConstructor.getData(BaseConstructor.java:123)
	at org.yaml.snakeyaml.Yaml$1.next(Yaml.java:547)
	at org.springframework.beans.factory.config.YamlProcessor.process(YamlProcessor.java:160)
	at org.springframework.beans.factory.config.YamlProcessor.process(YamlProcessor.java:134)
	at org.springframework.boot.env.OriginTrackedYamlLoader.load(OriginTrackedYamlLoader.java:75)
	at org.springframework.boot.env.YamlPropertySourceLoader.load(YamlPropertySourceLoader.java:50)
	at org.springframework.boot.context.config.ConfigFileApplicationListener$Loader.loadDocuments(ConfigFileApplicationListener.java:574)
	at org.springframework.boot.context.config.ConfigFileApplicationListener$Loader.load(ConfigFileApplicationListener.java:528)
	... 50 common frames omitted
]]></system-out>
  </testcase>
</testsuite>